android/app/build/intermediates/manifest_merge_blame_file/debug/manifest-merger-blame-debug-report.txt
1<?xml version="1.0" encoding="utf-8"?>
2<manifest xmlns:android="http://schemas.android.com/apk/res/android"
3    package="uk.me.pausten.yview"
4    android:versionCode="10"
5    android:versionName="10" >
6
7    <uses-sdk
8        android:minSdkVersion="15"
8-->src/main/AndroidManifest.xml
9        android:targetSdkVersion="23" />
9-->src/main/AndroidManifest.xml
10
11    <uses-permission android:name="android.permission.INTERNET" />
11-->src/main/AndroidManifest.xml:5:5-67
11-->src/main/AndroidManifest.xml:5:22-64
12    <uses-permission android:name="android.permission.WRITE_EXTERNAL_STORAGE" />
12-->src/main/AndroidManifest.xml:6:5-81
12-->src/main/AndroidManifest.xml:6:22-78
13    <uses-permission android:name="android.permission.READ_EXTERNAL_STORAGE" />
13-->src/main/AndroidManifest.xml:7:5-80
13-->src/main/AndroidManifest.xml:7:22-77
14
15    <application
15-->src/main/AndroidManifest.xml:9:5-38:19
16        android:allowBackup="true"
16-->src/main/AndroidManifest.xml:10:9-35
17        android:debuggable="true"
18        android:icon="@drawable/yview_icon"
18-->src/main/AndroidManifest.xml:11:9-44
19        android:label="@string/app_name"
19-->src/main/AndroidManifest.xml:12:9-41
20        android:supportsRtl="true"
20-->src/main/AndroidManifest.xml:13:9-35
21        android:theme="@style/AppTheme" >
21-->src/main/AndroidManifest.xml:14:9-40
22        <activity
22-->src/main/AndroidManifest.xml:15:9-24:20
23            android:name="uk.me.pausten.yview.view.MainActivity"
23-->src/main/AndroidManifest.xml:16:13-46
24            android:label="@string/app_name"
24-->src/main/AndroidManifest.xml:17:13-45
25            android:theme="@style/AppTheme.NoActionBar" >
25-->src/main/AndroidManifest.xml:18:13-56
26            <intent-filter>
26-->src/main/AndroidManifest.xml:19:13-23:29
27                <action android:name="android.intent.action.MAIN" />
27-->src/main/AndroidManifest.xml:20:17-69
27-->src/main/AndroidManifest.xml:20:25-66
28
29                <category android:name="android.intent.category.LAUNCHER" />
29-->src/main/AndroidManifest.xml:22:17-77
29-->src/main/AndroidManifest.xml:22:27-74
30            </intent-filter>
31        </activity>
32        <activity
32-->src/main/AndroidManifest.xml:25:9-28:20
33            android:name="uk.me.pausten.yview.view.TermActivity"
33-->src/main/AndroidManifest.xml:26:13-46
34            android:label="@string/title_activity_term" >
34-->src/main/AndroidManifest.xml:27:13-56
35        </activity>
36        <activity
36-->src/main/AndroidManifest.xml:29:9-33:20
37            android:name="uk.me.pausten.yview.view.LocationActivity"
37-->src/main/AndroidManifest.xml:30:13-50
38            android:label="@string/app_name"
38-->src/main/AndroidManifest.xml:31:13-45
39            android:theme="@style/AppTheme.NoActionBar" >
39-->src/main/AndroidManifest.xml:32:13-56
40        </activity>
41        <activity
41-->src/main/AndroidManifest.xml:34:9-37:20
42            android:name="uk.me.pausten.yview.view.SettingsActivity"
42-->src/main/AndroidManifest.xml:35:13-50
43            android:label="@string/pref_settings" >
43-->src/main/AndroidManifest.xml:36:13-50
44        </activity>
45    </application>
46
47</manifest>